<?xml version="1.0" encoding="UTF-8"?>
<testng-results ignored="0" total="1" passed="1" failed="0" skipped="0">
  <reporter-output>
  </reporter-output>
  <suite started-at="2023-09-18T15:48:11 IST" name="Default suite" finished-at="2023-09-18T15:49:18 IST" duration-ms="66172">
    <groups>
    </groups>
    <test started-at="2023-09-18T15:48:11 IST" name="Default test" finished-at="2023-09-18T15:49:18 IST" duration-ms="66172">
      <class name="finalproject.indexpagetest">
        <test-method is-config="true" signature="setup()[pri:0, instance:finalproject.indexpagetest@7b36aa0c]" started-at="2023-09-18T15:48:11 IST" name="setup" finished-at="2023-09-18T15:48:21 IST" duration-ms="9074" status="PASS">
          <reporter-output>
          </reporter-output>
        </test-method> <!-- setup -->
        <test-method signature="loginTest()[pri:0, instance:finalproject.indexpagetest@7b36aa0c]" started-at="2023-09-18T15:48:21 IST" name="loginTest" finished-at="2023-09-18T15:49:18 IST" duration-ms="57058" status="PASS">
          <reporter-output>
          </reporter-output>
        </test-method> <!-- loginTest -->
      </class> <!-- finalproject.indexpagetest -->
    </test> <!-- Default test -->
  </suite> <!-- Default suite -->
</testng-results>
